<?xml version="1.0" encoding="UTF-8"?>
<testsuite name="DemoTest" tests="4" skipped="0" failures="0" errors="0" timestamp="2023-04-24T17:19:40" hostname="laptop.local" time="0.008">
  <properties/>
  <testcase name="testMainWithValidTriangle" classname="DemoTest" time="0.006"/>
  <testcase name="testMainWithInvalidTriangle" classname="DemoTest" time="0.002"/>
  <testcase name="testIsTriangleWithValidSides" classname="DemoTest" time="0.0"/>
  <testcase name="testIsTriangleWithInvalidSides" classname="DemoTest" time="0.0"/>
  <system-out><![CDATA[Enter side 1: 
Enter side 2: 
Enter side 3: 
This is a triangle.
Enter side 1: 
Enter side 2: 
Enter side 3: 
This is not a triangle.
]]></system-out>
  <system-err><![CDATA[]]></system-err>
</testsuite>
